<?xml version="1.0" encoding="UTF-8"?>
<testsuite name="ch.ethz.globis.isk.db4o.service.Db4oPublicationServiceTest" time="0.796" tests="15" errors="0" skipped="0" failures="0">
  <properties>
    <property name="java.runtime.name" value="Java(TM) SE Runtime Environment"/>
    <property name="sun.boot.library.path" value="/Library/Java/JavaVirtualMachines/jdk1.7.0_75.jdk/Contents/Home/jre/lib"/>
    <property name="java.vm.version" value="24.75-b04"/>
    <property name="user.country.format" value="CH"/>
    <property name="gopherProxySet" value="false"/>
    <property name="java.vm.vendor" value="Oracle Corporation"/>
    <property name="java.vendor.url" value="http://java.oracle.com/"/>
    <property name="path.separator" value=":"/>
    <property name="guice.disable.misplaced.annotation.check" value="true"/>
    <property name="java.vm.name" value="Java HotSpot(TM) 64-Bit Server VM"/>
    <property name="file.encoding.pkg" value="sun.io"/>
    <property name="user.country" value="FR"/>
    <property name="sun.java.launcher" value="SUN_STANDARD"/>
    <property name="sun.os.patch.level" value="unknown"/>
    <property name="java.vm.specification.name" value="Java Virtual Machine Specification"/>
    <property name="user.dir" value="/Users/vdemotz/Documents/Ecole/ETHZ/Sixth Semester/Information Systems/Projects/project5/task5-handout"/>
    <property name="java.runtime.version" value="1.7.0_75-b13"/>
    <property name="java.awt.graphicsenv" value="sun.awt.CGraphicsEnvironment"/>
    <property name="java.endorsed.dirs" value="/Library/Java/JavaVirtualMachines/jdk1.7.0_75.jdk/Contents/Home/jre/lib/endorsed"/>
    <property name="os.arch" value="x86_64"/>
    <property name="java.io.tmpdir" value="/var/folders/tq/cttm5fln5_z436z8362978n00000gn/T/"/>
    <property name="line.separator" value="&#10;"/>
    <property name="java.vm.specification.vendor" value="Oracle Corporation"/>
    <property name="os.name" value="Mac OS X"/>
    <property name="classworlds.conf" value="/Users/vdemotz/Documents/Coding/libraries/apache-maven-3.2.5/bin/m2.conf"/>
    <property name="sun.jnu.encoding" value="UTF-8"/>
    <property name="java.library.path" value="/Users/vdemotz/Library/Java/Extensions:/Library/Java/Extensions:/Network/Library/Java/Extensions:/System/Library/Java/Extensions:/usr/lib/java:."/>
    <property name="backend" value="db4o"/>
    <property name="java.specification.name" value="Java Platform API Specification"/>
    <property name="java.class.version" value="51.0"/>
    <property name="sun.management.compiler" value="HotSpot 64-Bit Tiered Compilers"/>
    <property name="os.version" value="10.10.2"/>
    <property name="http.nonProxyHosts" value="local|*.local|169.254/16|*.169.254/16"/>
    <property name="user.home" value="/Users/vdemotz"/>
    <property name="user.timezone" value="Europe/Zurich"/>
    <property name="java.awt.printerjob" value="sun.lwawt.macosx.CPrinterJob"/>
    <property name="java.specification.version" value="1.7"/>
    <property name="file.encoding" value="UTF-8"/>
    <property name="user.name" value="vdemotz"/>
    <property name="java.class.path" value="/Users/vdemotz/Documents/Coding/libraries/apache-maven-3.2.5/boot/plexus-classworlds-2.5.2.jar"/>
    <property name="java.vm.specification.version" value="1.7"/>
    <property name="sun.arch.data.model" value="64"/>
    <property name="java.home" value="/Library/Java/JavaVirtualMachines/jdk1.7.0_75.jdk/Contents/Home/jre"/>
    <property name="sun.java.command" value="org.codehaus.plexus.classworlds.launcher.Launcher clean package -Dbackend=db4o"/>
    <property name="java.specification.vendor" value="Oracle Corporation"/>
    <property name="user.language" value="fr"/>
    <property name="awt.toolkit" value="sun.lwawt.macosx.LWCToolkit"/>
    <property name="java.vm.info" value="mixed mode"/>
    <property name="java.version" value="1.7.0_75"/>
    <property name="java.ext.dirs" value="/Users/vdemotz/Library/Java/Extensions:/Library/Java/JavaVirtualMachines/jdk1.7.0_75.jdk/Contents/Home/jre/lib/ext:/Library/Java/Extensions:/Network/Library/Java/Extensions:/System/Library/Java/Extensions:/usr/lib/java"/>
    <property name="sun.boot.class.path" value="/Library/Java/JavaVirtualMachines/jdk1.7.0_75.jdk/Contents/Home/jre/lib/resources.jar:/Library/Java/JavaVirtualMachines/jdk1.7.0_75.jdk/Contents/Home/jre/lib/rt.jar:/Library/Java/JavaVirtualMachines/jdk1.7.0_75.jdk/Contents/Home/jre/lib/sunrsasign.jar:/Library/Java/JavaVirtualMachines/jdk1.7.0_75.jdk/Contents/Home/jre/lib/jsse.jar:/Library/Java/JavaVirtualMachines/jdk1.7.0_75.jdk/Contents/Home/jre/lib/jce.jar:/Library/Java/JavaVirtualMachines/jdk1.7.0_75.jdk/Contents/Home/jre/lib/charsets.jar:/Library/Java/JavaVirtualMachines/jdk1.7.0_75.jdk/Contents/Home/jre/lib/jfr.jar:/Library/Java/JavaVirtualMachines/jdk1.7.0_75.jdk/Contents/Home/jre/classes"/>
    <property name="java.vendor" value="Oracle Corporation"/>
    <property name="maven.home" value="/Users/vdemotz/Documents/Coding/libraries/apache-maven-3.2.5"/>
    <property name="file.separator" value="/"/>
    <property name="java.vendor.url.bug" value="http://bugreport.sun.com/bugreport/"/>
    <property name="sun.cpu.endian" value="little"/>
    <property name="sun.io.unicode.encoding" value="UnicodeBig"/>
    <property name="socksNonProxyHosts" value="local|*.local|169.254/16|*.169.254/16"/>
    <property name="ftp.nonProxyHosts" value="local|*.local|169.254/16|*.169.254/16"/>
    <property name="sun.cpu.isalist" value=""/>
  </properties>
  <testcase name="test_8_retrievePublicationsBySeries" classname="ch.ethz.globis.isk.db4o.service.Db4oPublicationServiceTest" time="0.547"/>
  <testcase name="test_9_retrievePublicationsBySchool" classname="ch.ethz.globis.isk.db4o.service.Db4oPublicationServiceTest" time="0.023"/>
  <testcase name="test_5_insertJournalInfo" classname="ch.ethz.globis.isk.db4o.service.Db4oPublicationServiceTest" time="0.053"/>
  <testcase name="test_10_retrievePublicationsByPublisher" classname="ch.ethz.globis.isk.db4o.service.Db4oPublicationServiceTest" time="0.012"/>
  <testcase name="test_1_insertConferenceInfo" classname="ch.ethz.globis.isk.db4o.service.Db4oPublicationServiceTest" time="0.02"/>
  <testcase name="test_11_retrieveArticlesByJournalEdition" classname="ch.ethz.globis.isk.db4o.service.Db4oPublicationServiceTest" time="0.01"/>
  <testcase name="test_15_retrieveConferenceEditionsByConference" classname="ch.ethz.globis.isk.db4o.service.Db4oPublicationServiceTest" time="0.008"/>
  <testcase name="test_13_retrieveInProceedingsByProceedings" classname="ch.ethz.globis.isk.db4o.service.Db4oPublicationServiceTest" time="0.012"/>
  <testcase name="test_4_insertSeries" classname="ch.ethz.globis.isk.db4o.service.Db4oPublicationServiceTest" time="0.012"/>
  <testcase name="test_14_retrieveJournalEditionsByJournal" classname="ch.ethz.globis.isk.db4o.service.Db4oPublicationServiceTest" time="0.01"/>
  <testcase name="test_3_insertSchool" classname="ch.ethz.globis.isk.db4o.service.Db4oPublicationServiceTest" time="0.014"/>
  <testcase name="test_2_insertPublisher" classname="ch.ethz.globis.isk.db4o.service.Db4oPublicationServiceTest" time="0.011"/>
  <testcase name="test_12_retrieveInCollectionsByBook" classname="ch.ethz.globis.isk.db4o.service.Db4oPublicationServiceTest" time="0.033"/>
  <testcase name="test_6_retrievePublicationsByAuthor" classname="ch.ethz.globis.isk.db4o.service.Db4oPublicationServiceTest" time="0.016"/>
  <testcase name="test_7_retrievePublicationsByEditor" classname="ch.ethz.globis.isk.db4o.service.Db4oPublicationServiceTest" time="0.015"/>
</testsuite>