<?xml version="1.0" encoding="UTF-8"?>
<testsuite name="ch.ethz.globis.isk.db4o.service.Db4oPublicationServiceTest" time="0.344" tests="15" errors="0" skipped="0" failures="0">
  <properties>
    <property name="java.runtime.name" value="Java(TM) SE Runtime Environment"/>
    <property name="sun.boot.library.path" value="/Library/Java/JavaVirtualMachines/jdk1.8.0_25.jdk/Contents/Home/jre/lib"/>
    <property name="java.vm.version" value="25.25-b02"/>
    <property name="user.country.format" value="CA"/>
    <property name="gopherProxySet" value="false"/>
    <property name="java.vm.vendor" value="Oracle Corporation"/>
    <property name="java.vendor.url" value="http://java.oracle.com/"/>
    <property name="path.separator" value=":"/>
    <property name="guice.disable.misplaced.annotation.check" value="true"/>
    <property name="java.vm.name" value="Java HotSpot(TM) 64-Bit Server VM"/>
    <property name="file.encoding.pkg" value="sun.io"/>
    <property name="user.country" value="US"/>
    <property name="sun.java.launcher" value="SUN_STANDARD"/>
    <property name="sun.os.patch.level" value="unknown"/>
    <property name="java.vm.specification.name" value="Java Virtual Machine Specification"/>
    <property name="user.dir" value="/Users/samsongama/Github/InfSystemsTask5"/>
    <property name="java.runtime.version" value="1.8.0_25-b17"/>
    <property name="java.awt.graphicsenv" value="sun.awt.CGraphicsEnvironment"/>
    <property name="java.endorsed.dirs" value="/Library/Java/JavaVirtualMachines/jdk1.8.0_25.jdk/Contents/Home/jre/lib/endorsed"/>
    <property name="os.arch" value="x86_64"/>
    <property name="java.io.tmpdir" value="/var/folders/w1/0h83bxns6zq7s1dz8s8b8ypm0000gn/T/"/>
    <property name="line.separator" value="&#10;"/>
    <property name="java.vm.specification.vendor" value="Oracle Corporation"/>
    <property name="os.name" value="Mac OS X"/>
    <property name="classworlds.conf" value="/usr/local/apache-maven/apache-maven-3.2.5/bin/m2.conf"/>
    <property name="sun.jnu.encoding" value="UTF-8"/>
    <property name="java.library.path" value="/Users/samsongama/Library/Java/Extensions:/Library/Java/Extensions:/Network/Library/Java/Extensions:/System/Library/Java/Extensions:/usr/lib/java:."/>
    <property name="backend" value="db4o"/>
    <property name="java.specification.name" value="Java Platform API Specification"/>
    <property name="java.class.version" value="52.0"/>
    <property name="sun.management.compiler" value="HotSpot 64-Bit Tiered Compilers"/>
    <property name="os.version" value="10.10.3"/>
    <property name="http.nonProxyHosts" value="local|*.local|169.254/16|*.169.254/16"/>
    <property name="user.home" value="/Users/samsongama"/>
    <property name="user.timezone" value="Europe/Zurich"/>
    <property name="java.awt.printerjob" value="sun.lwawt.macosx.CPrinterJob"/>
    <property name="java.specification.version" value="1.8"/>
    <property name="file.encoding" value="UTF-8"/>
    <property name="user.name" value="samsongama"/>
    <property name="java.class.path" value="/usr/local/apache-maven/apache-maven-3.2.5/boot/plexus-classworlds-2.5.2.jar"/>
    <property name="java.vm.specification.version" value="1.8"/>
    <property name="sun.arch.data.model" value="64"/>
    <property name="java.home" value="/Library/Java/JavaVirtualMachines/jdk1.8.0_25.jdk/Contents/Home/jre"/>
    <property name="sun.java.command" value="org.codehaus.plexus.classworlds.launcher.Launcher clean package -Dbackend=db4o"/>
    <property name="java.specification.vendor" value="Oracle Corporation"/>
    <property name="user.language" value="en"/>
    <property name="awt.toolkit" value="sun.lwawt.macosx.LWCToolkit"/>
    <property name="java.vm.info" value="mixed mode"/>
    <property name="java.version" value="1.8.0_25"/>
    <property name="java.ext.dirs" value="/Users/samsongama/Library/Java/Extensions:/Library/Java/JavaVirtualMachines/jdk1.8.0_25.jdk/Contents/Home/jre/lib/ext:/Library/Java/Extensions:/Network/Library/Java/Extensions:/System/Library/Java/Extensions:/usr/lib/java"/>
    <property name="sun.boot.class.path" value="/Library/Java/JavaVirtualMachines/jdk1.8.0_25.jdk/Contents/Home/jre/lib/resources.jar:/Library/Java/JavaVirtualMachines/jdk1.8.0_25.jdk/Contents/Home/jre/lib/rt.jar:/Library/Java/JavaVirtualMachines/jdk1.8.0_25.jdk/Contents/Home/jre/lib/sunrsasign.jar:/Library/Java/JavaVirtualMachines/jdk1.8.0_25.jdk/Contents/Home/jre/lib/jsse.jar:/Library/Java/JavaVirtualMachines/jdk1.8.0_25.jdk/Contents/Home/jre/lib/jce.jar:/Library/Java/JavaVirtualMachines/jdk1.8.0_25.jdk/Contents/Home/jre/lib/charsets.jar:/Library/Java/JavaVirtualMachines/jdk1.8.0_25.jdk/Contents/Home/jre/lib/jfr.jar:/Library/Java/JavaVirtualMachines/jdk1.8.0_25.jdk/Contents/Home/jre/classes"/>
    <property name="java.vendor" value="Oracle Corporation"/>
    <property name="maven.home" value="/usr/local/apache-maven/apache-maven-3.2.5"/>
    <property name="file.separator" value="/"/>
    <property name="java.vendor.url.bug" value="http://bugreport.sun.com/bugreport/"/>
    <property name="sun.cpu.endian" value="little"/>
    <property name="sun.io.unicode.encoding" value="UnicodeBig"/>
    <property name="socksNonProxyHosts" value="local|*.local|169.254/16|*.169.254/16"/>
    <property name="ftp.nonProxyHosts" value="local|*.local|169.254/16|*.169.254/16"/>
    <property name="sun.cpu.isalist" value=""/>
  </properties>
  <testcase name="test_8_retrievePublicationsBySeries" classname="ch.ethz.globis.isk.db4o.service.Db4oPublicationServiceTest" time="0.238"/>
  <testcase name="test_9_retrievePublicationsBySchool" classname="ch.ethz.globis.isk.db4o.service.Db4oPublicationServiceTest" time="0.016"/>
  <testcase name="test_5_insertJournalInfo" classname="ch.ethz.globis.isk.db4o.service.Db4oPublicationServiceTest" time="0.013"/>
  <testcase name="test_10_retrievePublicationsByPublisher" classname="ch.ethz.globis.isk.db4o.service.Db4oPublicationServiceTest" time="0.012"/>
  <testcase name="test_1_insertConferenceInfo" classname="ch.ethz.globis.isk.db4o.service.Db4oPublicationServiceTest" time="0.01"/>
  <testcase name="test_11_retrieveArticlesByJournalEdition" classname="ch.ethz.globis.isk.db4o.service.Db4oPublicationServiceTest" time="0.004"/>
  <testcase name="test_15_retrieveConferenceEditionsByConference" classname="ch.ethz.globis.isk.db4o.service.Db4oPublicationServiceTest" time="0.004"/>
  <testcase name="test_13_retrieveInProceedingsByProceedings" classname="ch.ethz.globis.isk.db4o.service.Db4oPublicationServiceTest" time="0.004"/>
  <testcase name="test_4_insertSeries" classname="ch.ethz.globis.isk.db4o.service.Db4oPublicationServiceTest" time="0.004"/>
  <testcase name="test_14_retrieveJournalEditionsByJournal" classname="ch.ethz.globis.isk.db4o.service.Db4oPublicationServiceTest" time="0.003"/>
  <testcase name="test_3_insertSchool" classname="ch.ethz.globis.isk.db4o.service.Db4oPublicationServiceTest" time="0.004"/>
  <testcase name="test_2_insertPublisher" classname="ch.ethz.globis.isk.db4o.service.Db4oPublicationServiceTest" time="0.005"/>
  <testcase name="test_12_retrieveInCollectionsByBook" classname="ch.ethz.globis.isk.db4o.service.Db4oPublicationServiceTest" time="0.009"/>
  <testcase name="test_6_retrievePublicationsByAuthor" classname="ch.ethz.globis.isk.db4o.service.Db4oPublicationServiceTest" time="0.009"/>
  <testcase name="test_7_retrievePublicationsByEditor" classname="ch.ethz.globis.isk.db4o.service.Db4oPublicationServiceTest" time="0.009"/>
</testsuite>